<?xml version="1.0" encoding="UTF-8"?>
<testsuite xmlns:xsi="http://www.w3.org/2001/XMLSchema-instance" xsi:noNamespaceSchemaLocation="https://maven.apache.org/surefire/maven-surefire-plugin/xsd/surefire-test-report-3.0.xsd" version="3.0" name="com.neuralnetwork.ApplicationTest" time="0.02" tests="1" errors="0" skipped="0" failures="0">
  <properties>
    <property name="java.specification.version" value="24"/>
    <property name="sun.jnu.encoding" value="UTF-8"/>
    <property name="java.class.path" value="/Users/arthurcosta/dev/personal/ia-labs/neural_network_in_java/xor/target/test-classes:/Users/arthurcosta/dev/personal/ia-labs/neural_network_in_java/xor/target/classes:/Users/arthurcosta/.m2/repository/org/knowm/xchart/xchart/3.8.6/xchart-3.8.6.jar:/Users/arthurcosta/.m2/repository/de/erichseifert/vectorgraphics2d/VectorGraphics2D/0.13/VectorGraphics2D-0.13.jar:/Users/arthurcosta/.m2/repository/de/rototor/pdfbox/graphics2d/3.0.0/graphics2d-3.0.0.jar:/Users/arthurcosta/.m2/repository/org/apache/pdfbox/pdfbox/3.0.0/pdfbox-3.0.0.jar:/Users/arthurcosta/.m2/repository/org/apache/pdfbox/pdfbox-io/3.0.0/pdfbox-io-3.0.0.jar:/Users/arthurcosta/.m2/repository/org/apache/pdfbox/fontbox/3.0.0/fontbox-3.0.0.jar:/Users/arthurcosta/.m2/repository/commons-logging/commons-logging/1.2/commons-logging-1.2.jar:/Users/arthurcosta/.m2/repository/com/madgag/animated-gif-lib/1.4/animated-gif-lib-1.4.jar:/Users/arthurcosta/.m2/repository/org/slf4j/slf4j-api/2.0.13/slf4j-api-2.0.13.jar:/Users/arthurcosta/.m2/repository/ch/qos/logback/logback-classic/1.4.14/logback-classic-1.4.14.jar:/Users/arthurcosta/.m2/repository/ch/qos/logback/logback-core/1.4.14/logback-core-1.4.14.jar:/Users/arthurcosta/.m2/repository/org/junit/jupiter/junit-jupiter-engine/5.9.2/junit-jupiter-engine-5.9.2.jar:/Users/arthurcosta/.m2/repository/org/junit/platform/junit-platform-engine/1.9.2/junit-platform-engine-1.9.2.jar:/Users/arthurcosta/.m2/repository/org/opentest4j/opentest4j/1.2.0/opentest4j-1.2.0.jar:/Users/arthurcosta/.m2/repository/org/junit/platform/junit-platform-commons/1.9.2/junit-platform-commons-1.9.2.jar:/Users/arthurcosta/.m2/repository/org/junit/jupiter/junit-jupiter-api/5.9.2/junit-jupiter-api-5.9.2.jar:/Users/arthurcosta/.m2/repository/org/apiguardian/apiguardian-api/1.1.2/apiguardian-api-1.1.2.jar:"/>
    <property name="java.vm.vendor" value="Amazon.com Inc."/>
    <property name="sun.arch.data.model" value="64"/>
    <property name="java.vendor.url" value="https://aws.amazon.com/corretto/"/>
    <property name="os.name" value="Mac OS X"/>
    <property name="java.vm.specification.version" value="24"/>
    <property name="sun.java.launcher" value="SUN_STANDARD"/>
    <property name="user.country" value="PT"/>
    <property name="sun.boot.library.path" value="/Users/arthurcosta/.sdkman/candidates/java/24.0.1-amzn/lib"/>
    <property name="sun.java.command" value="/Users/arthurcosta/dev/personal/ia-labs/neural_network_in_java/xor/target/surefire/surefirebooter-20250518170733483_3.jar /Users/arthurcosta/dev/personal/ia-labs/neural_network_in_java/xor/target/surefire 2025-05-18T17-07-33_345-jvmRun1 surefire-20250518170733483_1tmp surefire_0-20250518170733483_2tmp"/>
    <property name="http.nonProxyHosts" value="local|*.local|169.254/16|*.169.254/16"/>
    <property name="jdk.debug" value="release"/>
    <property name="surefire.test.class.path" value="/Users/arthurcosta/dev/personal/ia-labs/neural_network_in_java/xor/target/test-classes:/Users/arthurcosta/dev/personal/ia-labs/neural_network_in_java/xor/target/classes:/Users/arthurcosta/.m2/repository/org/knowm/xchart/xchart/3.8.6/xchart-3.8.6.jar:/Users/arthurcosta/.m2/repository/de/erichseifert/vectorgraphics2d/VectorGraphics2D/0.13/VectorGraphics2D-0.13.jar:/Users/arthurcosta/.m2/repository/de/rototor/pdfbox/graphics2d/3.0.0/graphics2d-3.0.0.jar:/Users/arthurcosta/.m2/repository/org/apache/pdfbox/pdfbox/3.0.0/pdfbox-3.0.0.jar:/Users/arthurcosta/.m2/repository/org/apache/pdfbox/pdfbox-io/3.0.0/pdfbox-io-3.0.0.jar:/Users/arthurcosta/.m2/repository/org/apache/pdfbox/fontbox/3.0.0/fontbox-3.0.0.jar:/Users/arthurcosta/.m2/repository/commons-logging/commons-logging/1.2/commons-logging-1.2.jar:/Users/arthurcosta/.m2/repository/com/madgag/animated-gif-lib/1.4/animated-gif-lib-1.4.jar:/Users/arthurcosta/.m2/repository/org/slf4j/slf4j-api/2.0.13/slf4j-api-2.0.13.jar:/Users/arthurcosta/.m2/repository/ch/qos/logback/logback-classic/1.4.14/logback-classic-1.4.14.jar:/Users/arthurcosta/.m2/repository/ch/qos/logback/logback-core/1.4.14/logback-core-1.4.14.jar:/Users/arthurcosta/.m2/repository/org/junit/jupiter/junit-jupiter-engine/5.9.2/junit-jupiter-engine-5.9.2.jar:/Users/arthurcosta/.m2/repository/org/junit/platform/junit-platform-engine/1.9.2/junit-platform-engine-1.9.2.jar:/Users/arthurcosta/.m2/repository/org/opentest4j/opentest4j/1.2.0/opentest4j-1.2.0.jar:/Users/arthurcosta/.m2/repository/org/junit/platform/junit-platform-commons/1.9.2/junit-platform-commons-1.9.2.jar:/Users/arthurcosta/.m2/repository/org/junit/jupiter/junit-jupiter-api/5.9.2/junit-jupiter-api-5.9.2.jar:/Users/arthurcosta/.m2/repository/org/apiguardian/apiguardian-api/1.1.2/apiguardian-api-1.1.2.jar:"/>
    <property name="sun.cpu.endian" value="little"/>
    <property name="user.home" value="/Users/arthurcosta"/>
    <property name="user.language" value="en"/>
    <property name="java.specification.vendor" value="Oracle Corporation"/>
    <property name="java.version.date" value="2025-04-15"/>
    <property name="java.home" value="/Users/arthurcosta/.sdkman/candidates/java/24.0.1-amzn"/>
    <property name="file.separator" value="/"/>
    <property name="basedir" value="/Users/arthurcosta/dev/personal/ia-labs/neural_network_in_java/xor"/>
    <property name="java.vm.compressedOopsMode" value="Zero based"/>
    <property name="line.separator" value="&#10;"/>
    <property name="java.vm.specification.vendor" value="Oracle Corporation"/>
    <property name="java.specification.name" value="Java Platform API Specification"/>
    <property name="apple.awt.application.name" value="ForkedBooter"/>
    <property name="surefire.real.class.path" value="/Users/arthurcosta/dev/personal/ia-labs/neural_network_in_java/xor/target/surefire/surefirebooter-20250518170733483_3.jar"/>
    <property name="sun.management.compiler" value="HotSpot 64-Bit Tiered Compilers"/>
    <property name="ftp.nonProxyHosts" value="local|*.local|169.254/16|*.169.254/16"/>
    <property name="java.runtime.version" value="24.0.1+9-FR"/>
    <property name="user.name" value="arthurcosta"/>
    <property name="stdout.encoding" value="UTF-8"/>
    <property name="path.separator" value=":"/>
    <property name="os.version" value="15.4.1"/>
    <property name="java.runtime.name" value="OpenJDK Runtime Environment"/>
    <property name="file.encoding" value="UTF-8"/>
    <property name="java.vm.name" value="OpenJDK 64-Bit Server VM"/>
    <property name="java.vendor.version" value="Corretto-24.0.1.9.1"/>
    <property name="localRepository" value="/Users/arthurcosta/.m2/repository"/>
    <property name="java.vendor.url.bug" value="https://github.com/corretto/corretto-24/issues/"/>
    <property name="java.io.tmpdir" value="/var/folders/m6/hw_d0n_11hq07wzs18xg1phh0000gn/T/"/>
    <property name="java.version" value="24.0.1"/>
    <property name="user.dir" value="/Users/arthurcosta/dev/personal/ia-labs/neural_network_in_java/xor"/>
    <property name="os.arch" value="aarch64"/>
    <property name="java.vm.specification.name" value="Java Virtual Machine Specification"/>
    <property name="native.encoding" value="UTF-8"/>
    <property name="java.library.path" value="/Users/arthurcosta/Library/Java/Extensions:/Library/Java/Extensions:/Network/Library/Java/Extensions:/System/Library/Java/Extensions:/usr/lib/java:."/>
    <property name="java.vm.info" value="mixed mode, sharing"/>
    <property name="stderr.encoding" value="UTF-8"/>
    <property name="java.vendor" value="Amazon.com Inc."/>
    <property name="java.vm.version" value="24.0.1+9-FR"/>
    <property name="sun.io.unicode.encoding" value="UnicodeBig"/>
    <property name="socksNonProxyHosts" value="local|*.local|169.254/16|*.169.254/16"/>
    <property name="java.class.version" value="68.0"/>
  </properties>
  <testcase name="shouldAnswerWithTrue" classname="com.neuralnetwork.ApplicationTest" time="0.012"/>
</testsuite>